<?xml version="1.0" encoding="UTF-8"?>
<testsuites name="nextest-run" tests="1" failures="1" errors="0" uuid="00000000-0000-0000-0000-000000000000" timestamp="2025-03-10T10:30:39+00:00" time="0.000">
    <testsuite name="hello_world_crate" tests="1" disabled="0" errors="0" failures="1">
        <testcase name="tests::add_fails" classname="hello_world_crate" timestamp="2025-03-10T10:30:39+00:00" time="0.000">
            <failure message="thread &apos;tests::add_fails&apos; panicked at src/lib.rs:12:9" type="test failure with exit code 101">thread &apos;tests::add_fails&apos; panicked at src/lib.rs:12:9:
assertion `left == right` failed
  left: 2
 right: 3
note: run with `RUST_BACKTRACE=1` environment variable to display a backtrace</failure>
            <system-out>
running 1 test
test tests::add_fails ... FAILED

failures:

failures:
    tests::add_fails

test result: FAILED. 0 passed; 1 failed; 0 ignored; 0 measured; 0 filtered out; finished in 0.00s

</system-out>
            <system-err>
thread &apos;tests::add_fails&apos; panicked at src/lib.rs:12:9:
assertion `left == right` failed
  left: 2
 right: 3
note: run with `RUST_BACKTRACE=1` environment variable to display a backtrace
</system-err>
        </testcase>
    </testsuite>
</testsuites>
