<?xml version="1.0" encoding="UTF-8"?>
<testsuite name="(empty)"
	tests="4"
	failures="0"
	disabled="0"
	skipped="0"
	hostname=""
	time="0"
	timestamp="2025-03-10T10:30:39"
	>
	<testcase name="Test1.TransitionDistance1" classname="Test1.TransitionDistance1" time="0.023645" status="run">
		<properties/>
		<system-out>xxxxx
</system-out>
	</testcase>
	<testcase name="Test1.TransitionDistance2" classname="Test1.TransitionDistance2" time="0.023645" status="run">
		<properties/>
		<system-out>xxxxx
</system-out>
	</testcase>
	<testcase name="Test2.TransitionDistance1" classname="Test2.TransitionDistance1" time="0.023645" status="run">
		<properties/>
		<system-out>xxxxx
</system-out>
	</testcase>
	<testcase name="Test2.TransitionDistance2" classname="Test2.TransitionDistance2" time="0.023645" status="run">
		<properties/>
		<system-out>xxxxx
</system-out>
	</testcase>
</testsuite>
