<?xml version="1.0" encoding="UTF-8"?>
<testsuites tests="2" failures="0" disabled="0" errors="0" time="0.001" timestamp="2025-05-01T16:42:49.950" name="AllTests">
  <testsuite name="TestCaseVc" tests="2" failures="0" disabled="0" skipped="0" errors="0" time="0.001" timestamp="2025-05-01T16:42:49.950">
    <testcase name="TestCase" file="/home/foobar/vc_test.cc" line="53" status="run" result="completed" time="0." timestamp="2025-05-01T16:42:49.950" classname="TestCaseVc" />
    <testcase name="Steering1" file="/home/foobar/vc_test.cc" line="61" status="run" result="completed" time="0.001" timestamp="2025-05-01T16:42:49.950" classname="TestCaseVc" />
  </testsuite>
</testsuites>
